2025-07-04 13:33:38,180 DEBUG    root            Loaded Command Group: ['gcloud', 'components']
2025-07-04 13:33:38,183 DEBUG    root            Loaded Command Group: ['gcloud', 'components', 'update']
2025-07-04 13:33:38,185 DEBUG    root            Running [gcloud.components.update] with arguments: [--compile-python: "True", --quiet: "True", COMPONENT-IDS:6: "['core', 'gcloud-deps', 'bq', 'gcloud', 'gcloud-crc32c', 'gsutil']"]
2025-07-04 13:33:38,186 INFO     ___FILE_ONLY___ Beginning update. This process may take several minutes.

2025-07-04 13:33:38,218 DEBUG    urllib3.connectionpool Starting new HTTPS connection (1): dl.google.com:443
2025-07-04 13:33:38,404 DEBUG    urllib3.connectionpool https://dl.google.com:443 "GET /dl/cloudsdk/channels/rapid/components-2.json HTTP/11" 200 239798
2025-07-04 13:33:38,416 INFO     ___FILE_ONLY___ 

2025-07-04 13:33:38,416 INFO     ___FILE_ONLY___ 
Your current Google Cloud CLI version is: 529.0.0

2025-07-04 13:33:38,416 INFO     ___FILE_ONLY___ Installing components from version: 529.0.0

2025-07-04 13:33:38,416 INFO     ___FILE_ONLY___ 

2025-07-04 13:33:38,417 DEBUG    root            Chosen display Format:table[box,title="These components will be removed."](details.display_name:label=Name:align=left,version.version_string:label=Version:align=right,data.size.size(zero="",min=1048576):label=Size:align=right)
2025-07-04 13:33:38,417 DEBUG    root            Chosen display Format:table[box,title="These components will be updated."](details.display_name:label=Name:align=left,version.version_string:label=Version:align=right,data.size.size(zero="",min=1048576):label=Size:align=right)
2025-07-04 13:33:38,417 DEBUG    root            Chosen display Format:table[box,title="These components will be installed."](details.display_name:label=Name:align=left,version.version_string:label=Version:align=right,data.size.size(zero="",min=1048576):label=Size:align=right)
2025-07-04 13:33:38,453 INFO     ___FILE_ONLY___ ┌─────────────────────────────────────────────────────────────────────────────┐
2025-07-04 13:33:38,453 INFO     ___FILE_ONLY___ 

2025-07-04 13:33:38,453 INFO     ___FILE_ONLY___ │                     These components will be installed.                     │
2025-07-04 13:33:38,453 INFO     ___FILE_ONLY___ 

2025-07-04 13:33:38,454 INFO     ___FILE_ONLY___ ├─────────────────────────────────────────────────────┬────────────┬──────────┤
2025-07-04 13:33:38,454 INFO     ___FILE_ONLY___ 

2025-07-04 13:33:38,454 INFO     ___FILE_ONLY___ │                         Name                        │  Version   │   Size   │
2025-07-04 13:33:38,454 INFO     ___FILE_ONLY___ 

2025-07-04 13:33:38,454 INFO     ___FILE_ONLY___ ├─────────────────────────────────────────────────────┼────────────┼──────────┤
2025-07-04 13:33:38,454 INFO     ___FILE_ONLY___ 

2025-07-04 13:33:38,454 INFO     ___FILE_ONLY___ │ 
2025-07-04 13:33:38,454 INFO     ___FILE_ONLY___ BigQuery Command Line Tool                         
2025-07-04 13:33:38,454 INFO     ___FILE_ONLY___  
2025-07-04 13:33:38,454 INFO     ___FILE_ONLY___ │ 
2025-07-04 13:33:38,454 INFO     ___FILE_ONLY___     2.1.19
2025-07-04 13:33:38,454 INFO     ___FILE_ONLY___  
2025-07-04 13:33:38,454 INFO     ___FILE_ONLY___ │ 
2025-07-04 13:33:38,454 INFO     ___FILE_ONLY___  1.8 MiB
2025-07-04 13:33:38,454 INFO     ___FILE_ONLY___  
2025-07-04 13:33:38,454 INFO     ___FILE_ONLY___ │
2025-07-04 13:33:38,454 INFO     ___FILE_ONLY___ 

2025-07-04 13:33:38,454 INFO     ___FILE_ONLY___ │ 
2025-07-04 13:33:38,454 INFO     ___FILE_ONLY___ BigQuery Command Line Tool (Platform Specific)     
2025-07-04 13:33:38,454 INFO     ___FILE_ONLY___  
2025-07-04 13:33:38,454 INFO     ___FILE_ONLY___ │ 
2025-07-04 13:33:38,455 INFO     ___FILE_ONLY___     2.1.17
2025-07-04 13:33:38,455 INFO     ___FILE_ONLY___  
2025-07-04 13:33:38,455 INFO     ___FILE_ONLY___ │ 
2025-07-04 13:33:38,455 INFO     ___FILE_ONLY___  < 1 MiB
2025-07-04 13:33:38,455 INFO     ___FILE_ONLY___  
2025-07-04 13:33:38,455 INFO     ___FILE_ONLY___ │
2025-07-04 13:33:38,455 INFO     ___FILE_ONLY___ 

2025-07-04 13:33:38,455 INFO     ___FILE_ONLY___ │ 
2025-07-04 13:33:38,455 INFO     ___FILE_ONLY___ Bundled Python 3.12 (Platform Specific)            
2025-07-04 13:33:38,455 INFO     ___FILE_ONLY___  
2025-07-04 13:33:38,455 INFO     ___FILE_ONLY___ │ 
2025-07-04 13:33:38,455 INFO     ___FILE_ONLY___     3.12.9
2025-07-04 13:33:38,455 INFO     ___FILE_ONLY___  
2025-07-04 13:33:38,455 INFO     ___FILE_ONLY___ │ 
2025-07-04 13:33:38,455 INFO     ___FILE_ONLY___ 89.3 MiB
2025-07-04 13:33:38,455 INFO     ___FILE_ONLY___  
2025-07-04 13:33:38,455 INFO     ___FILE_ONLY___ │
2025-07-04 13:33:38,455 INFO     ___FILE_ONLY___ 

2025-07-04 13:33:38,455 INFO     ___FILE_ONLY___ │ 
2025-07-04 13:33:38,455 INFO     ___FILE_ONLY___ Cloud Storage Command Line Tool                    
2025-07-04 13:33:38,455 INFO     ___FILE_ONLY___  
2025-07-04 13:33:38,456 INFO     ___FILE_ONLY___ │ 
2025-07-04 13:33:38,456 INFO     ___FILE_ONLY___       5.35
2025-07-04 13:33:38,456 INFO     ___FILE_ONLY___  
2025-07-04 13:33:38,456 INFO     ___FILE_ONLY___ │ 
2025-07-04 13:33:38,456 INFO     ___FILE_ONLY___ 12.4 MiB
2025-07-04 13:33:38,456 INFO     ___FILE_ONLY___  
2025-07-04 13:33:38,456 INFO     ___FILE_ONLY___ │
2025-07-04 13:33:38,456 INFO     ___FILE_ONLY___ 

2025-07-04 13:33:38,456 INFO     ___FILE_ONLY___ │ 
2025-07-04 13:33:38,456 INFO     ___FILE_ONLY___ Cloud Storage Command Line Tool (Platform Specific)
2025-07-04 13:33:38,456 INFO     ___FILE_ONLY___  
2025-07-04 13:33:38,456 INFO     ___FILE_ONLY___ │ 
2025-07-04 13:33:38,456 INFO     ___FILE_ONLY___       5.34
2025-07-04 13:33:38,456 INFO     ___FILE_ONLY___  
2025-07-04 13:33:38,456 INFO     ___FILE_ONLY___ │ 
2025-07-04 13:33:38,456 INFO     ___FILE_ONLY___  < 1 MiB
2025-07-04 13:33:38,456 INFO     ___FILE_ONLY___  
2025-07-04 13:33:38,456 INFO     ___FILE_ONLY___ │
2025-07-04 13:33:38,456 INFO     ___FILE_ONLY___ 

2025-07-04 13:33:38,457 INFO     ___FILE_ONLY___ │ 
2025-07-04 13:33:38,457 INFO     ___FILE_ONLY___ Google Cloud CLI Core Libraries (Platform Specific)
2025-07-04 13:33:38,457 INFO     ___FILE_ONLY___  
2025-07-04 13:33:38,457 INFO     ___FILE_ONLY___ │ 
2025-07-04 13:33:38,457 INFO     ___FILE_ONLY___ 2025.05.23
2025-07-04 13:33:38,457 INFO     ___FILE_ONLY___  
2025-07-04 13:33:38,457 INFO     ___FILE_ONLY___ │ 
2025-07-04 13:33:38,457 INFO     ___FILE_ONLY___  < 1 MiB
2025-07-04 13:33:38,457 INFO     ___FILE_ONLY___  
2025-07-04 13:33:38,457 INFO     ___FILE_ONLY___ │
2025-07-04 13:33:38,457 INFO     ___FILE_ONLY___ 

2025-07-04 13:33:38,457 INFO     ___FILE_ONLY___ │ 
2025-07-04 13:33:38,457 INFO     ___FILE_ONLY___ Google Cloud CRC32C Hash Tool (Platform Specific)  
2025-07-04 13:33:38,457 INFO     ___FILE_ONLY___  
2025-07-04 13:33:38,457 INFO     ___FILE_ONLY___ │ 
2025-07-04 13:33:38,457 INFO     ___FILE_ONLY___      1.0.0
2025-07-04 13:33:38,457 INFO     ___FILE_ONLY___  
2025-07-04 13:33:38,457 INFO     ___FILE_ONLY___ │ 
2025-07-04 13:33:38,457 INFO     ___FILE_ONLY___  1.5 MiB
2025-07-04 13:33:38,457 INFO     ___FILE_ONLY___  
2025-07-04 13:33:38,457 INFO     ___FILE_ONLY___ │
2025-07-04 13:33:38,457 INFO     ___FILE_ONLY___ 

2025-07-04 13:33:38,458 INFO     ___FILE_ONLY___ │ 
2025-07-04 13:33:38,458 INFO     ___FILE_ONLY___ gcloud cli dependencies (Platform Specific)        
2025-07-04 13:33:38,458 INFO     ___FILE_ONLY___  
2025-07-04 13:33:38,458 INFO     ___FILE_ONLY___ │ 
2025-07-04 13:33:38,458 INFO     ___FILE_ONLY___ 2021.04.16
2025-07-04 13:33:38,458 INFO     ___FILE_ONLY___  
2025-07-04 13:33:38,458 INFO     ___FILE_ONLY___ │ 
2025-07-04 13:33:38,458 INFO     ___FILE_ONLY___  < 1 MiB
2025-07-04 13:33:38,458 INFO     ___FILE_ONLY___  
2025-07-04 13:33:38,458 INFO     ___FILE_ONLY___ │
2025-07-04 13:33:38,458 INFO     ___FILE_ONLY___ 

2025-07-04 13:33:38,458 INFO     ___FILE_ONLY___ └─────────────────────────────────────────────────────┴────────────┴──────────┘
2025-07-04 13:33:38,458 INFO     ___FILE_ONLY___ 

2025-07-04 13:33:38,458 INFO     ___FILE_ONLY___ 

2025-07-04 13:33:38,461 DEBUG    urllib3.connectionpool Starting new HTTPS connection (1): dl.google.com:443
2025-07-04 13:33:38,654 DEBUG    urllib3.connectionpool https://dl.google.com:443 "GET /dl/cloudsdk/channels/rapid/RELEASE_NOTES HTTP/11" 200 1444035
2025-07-04 13:33:39,135 INFO     ___FILE_ONLY___ For the latest full release notes, please visit:
  https://cloud.google.com/sdk/release_notes


2025-07-04 13:33:39,135 INFO     ___FILE_ONLY___ Performing in place update...


2025-07-04 13:33:39,137 INFO     ___FILE_ONLY___ ╔════════════════════════════════════════════════════════════╗

2025-07-04 13:33:39,137 INFO     ___FILE_ONLY___ ╠═ Downloading: BigQuery Command Line Tool                  ═╣

2025-07-04 13:33:39,137 INFO     ___FILE_ONLY___ ╚
2025-07-04 13:33:39,140 DEBUG    urllib3.connectionpool Starting new HTTPS connection (1): dl.google.com:443
2025-07-04 13:33:40,229 DEBUG    urllib3.connectionpool https://dl.google.com:443 "GET /dl/cloudsdk/channels/rapid/components/google-cloud-sdk-bq-20250627154417.tar.gz HTTP/11" 200 1850167
2025-07-04 13:33:40,240 INFO     ___FILE_ONLY___ ═
2025-07-04 13:33:40,241 INFO     ___FILE_ONLY___ ═
2025-07-04 13:33:40,241 INFO     ___FILE_ONLY___ ═
2025-07-04 13:33:40,241 INFO     ___FILE_ONLY___ ═
2025-07-04 13:33:40,241 INFO     ___FILE_ONLY___ ═
2025-07-04 13:33:40,241 INFO     ___FILE_ONLY___ ═
2025-07-04 13:33:40,241 INFO     ___FILE_ONLY___ ═
2025-07-04 13:33:40,241 INFO     ___FILE_ONLY___ ═
2025-07-04 13:33:40,241 INFO     ___FILE_ONLY___ ═
2025-07-04 13:33:40,241 INFO     ___FILE_ONLY___ ═
2025-07-04 13:33:40,241 INFO     ___FILE_ONLY___ ═
2025-07-04 13:33:40,242 INFO     ___FILE_ONLY___ ═
2025-07-04 13:33:40,242 INFO     ___FILE_ONLY___ ═
2025-07-04 13:33:40,242 INFO     ___FILE_ONLY___ ═
2025-07-04 13:33:40,242 INFO     ___FILE_ONLY___ ═
2025-07-04 13:33:40,242 INFO     ___FILE_ONLY___ ═
2025-07-04 13:33:40,242 INFO     ___FILE_ONLY___ ═
2025-07-04 13:33:40,242 INFO     ___FILE_ONLY___ ═
2025-07-04 13:33:40,242 INFO     ___FILE_ONLY___ ═
2025-07-04 13:33:40,242 INFO     ___FILE_ONLY___ ═
2025-07-04 13:33:40,242 INFO     ___FILE_ONLY___ ═
2025-07-04 13:33:40,242 INFO     ___FILE_ONLY___ ═
2025-07-04 13:33:40,243 INFO     ___FILE_ONLY___ ═
2025-07-04 13:33:40,243 INFO     ___FILE_ONLY___ ═
2025-07-04 13:33:40,243 INFO     ___FILE_ONLY___ ═
2025-07-04 13:33:40,243 INFO     ___FILE_ONLY___ ═
2025-07-04 13:33:40,243 INFO     ___FILE_ONLY___ ═
2025-07-04 13:33:40,243 INFO     ___FILE_ONLY___ ═
2025-07-04 13:33:40,243 INFO     ___FILE_ONLY___ ═
2025-07-04 13:33:40,243 INFO     ___FILE_ONLY___ ═
2025-07-04 13:33:40,243 INFO     ___FILE_ONLY___ ═
2025-07-04 13:33:40,243 INFO     ___FILE_ONLY___ ═
2025-07-04 13:33:40,243 INFO     ___FILE_ONLY___ ═
2025-07-04 13:33:40,243 INFO     ___FILE_ONLY___ ═
2025-07-04 13:33:40,244 INFO     ___FILE_ONLY___ ═
2025-07-04 13:33:40,244 INFO     ___FILE_ONLY___ ═
2025-07-04 13:33:40,244 INFO     ___FILE_ONLY___ ═
2025-07-04 13:33:40,244 INFO     ___FILE_ONLY___ ═
2025-07-04 13:33:40,244 INFO     ___FILE_ONLY___ ═
2025-07-04 13:33:40,244 INFO     ___FILE_ONLY___ ═
2025-07-04 13:33:40,244 INFO     ___FILE_ONLY___ ═
2025-07-04 13:33:40,244 INFO     ___FILE_ONLY___ ═
2025-07-04 13:33:40,245 INFO     ___FILE_ONLY___ ═
2025-07-04 13:33:40,245 INFO     ___FILE_ONLY___ ═
2025-07-04 13:33:40,245 INFO     ___FILE_ONLY___ ═
2025-07-04 13:33:40,245 INFO     ___FILE_ONLY___ ═
2025-07-04 13:33:40,245 INFO     ___FILE_ONLY___ ═
2025-07-04 13:33:40,245 INFO     ___FILE_ONLY___ ═
2025-07-04 13:33:40,245 INFO     ___FILE_ONLY___ ═
2025-07-04 13:33:40,245 INFO     ___FILE_ONLY___ ═
2025-07-04 13:33:40,245 INFO     ___FILE_ONLY___ ═
2025-07-04 13:33:40,246 INFO     ___FILE_ONLY___ ═
2025-07-04 13:33:40,246 INFO     ___FILE_ONLY___ ═
2025-07-04 13:33:40,246 INFO     ___FILE_ONLY___ ═
2025-07-04 13:33:40,246 INFO     ___FILE_ONLY___ ═
2025-07-04 13:33:40,246 INFO     ___FILE_ONLY___ ═
2025-07-04 13:33:40,246 INFO     ___FILE_ONLY___ ═
2025-07-04 13:33:40,246 INFO     ___FILE_ONLY___ ═
2025-07-04 13:33:40,246 INFO     ___FILE_ONLY___ ═
2025-07-04 13:33:40,246 INFO     ___FILE_ONLY___ ═
2025-07-04 13:33:40,246 INFO     ___FILE_ONLY___ ╝

2025-07-04 13:33:40,248 INFO     ___FILE_ONLY___ ╔════════════════════════════════════════════════════════════╗

2025-07-04 13:33:40,249 INFO     ___FILE_ONLY___ ╠═ Downloading: BigQuery Command Line Tool (Platform Spe... ═╣

2025-07-04 13:33:40,249 INFO     ___FILE_ONLY___ ╚
2025-07-04 13:33:40,253 DEBUG    urllib3.connectionpool Starting new HTTPS connection (1): dl.google.com:443
2025-07-04 13:33:41,386 DEBUG    urllib3.connectionpool https://dl.google.com:443 "GET /dl/cloudsdk/channels/rapid/components/google-cloud-sdk-bq-nix-20250523104322.tar.gz HTTP/11" 200 1935
2025-07-04 13:33:41,387 INFO     ___FILE_ONLY___ ════════════════════════════════════════════════════════════
2025-07-04 13:33:41,387 INFO     ___FILE_ONLY___ ╝

2025-07-04 13:33:41,389 INFO     ___FILE_ONLY___ ╔════════════════════════════════════════════════════════════╗

2025-07-04 13:33:41,389 INFO     ___FILE_ONLY___ ╠═ Downloading: Bundled Python 3.12                         ═╣

2025-07-04 13:33:41,390 INFO     ___FILE_ONLY___ ╚
2025-07-04 13:33:41,390 INFO     ___FILE_ONLY___ ════════════════════════════════════════════════════════════
2025-07-04 13:33:41,390 INFO     ___FILE_ONLY___ ╝

2025-07-04 13:33:41,391 INFO     ___FILE_ONLY___ ╔════════════════════════════════════════════════════════════╗

2025-07-04 13:33:41,392 INFO     ___FILE_ONLY___ ╠═ Downloading: Bundled Python 3.12 (Platform Specific)     ═╣

2025-07-04 13:33:41,392 INFO     ___FILE_ONLY___ ╚
2025-07-04 13:33:41,395 DEBUG    urllib3.connectionpool Starting new HTTPS connection (1): dl.google.com:443
2025-07-04 13:33:41,588 DEBUG    urllib3.connectionpool https://dl.google.com:443 "GET /dl/cloudsdk/channels/rapid/components/google-cloud-sdk-bundled-python3-unix-linux-x86_64-20250502143716.tar.gz HTTP/11" 200 93610468
2025-07-04 13:33:41,911 INFO     ___FILE_ONLY___ ═
2025-07-04 13:33:41,912 INFO     ___FILE_ONLY___ ═
2025-07-04 13:33:41,914 INFO     ___FILE_ONLY___ ═
2025-07-04 13:33:41,916 INFO     ___FILE_ONLY___ ═
2025-07-04 13:33:41,917 INFO     ___FILE_ONLY___ ═
2025-07-04 13:33:41,919 INFO     ___FILE_ONLY___ ═
2025-07-04 13:33:41,921 INFO     ___FILE_ONLY___ ═
2025-07-04 13:33:41,922 INFO     ___FILE_ONLY___ ═
2025-07-04 13:33:41,924 INFO     ___FILE_ONLY___ ═
2025-07-04 13:33:41,925 INFO     ___FILE_ONLY___ ═
2025-07-04 13:33:41,927 INFO     ___FILE_ONLY___ ═
2025-07-04 13:33:41,929 INFO     ___FILE_ONLY___ ═
2025-07-04 13:33:41,930 INFO     ___FILE_ONLY___ ═
2025-07-04 13:33:41,932 INFO     ___FILE_ONLY___ ═
2025-07-04 13:33:41,934 INFO     ___FILE_ONLY___ ═
2025-07-04 13:33:41,935 INFO     ___FILE_ONLY___ ═
2025-07-04 13:33:41,937 INFO     ___FILE_ONLY___ ═
2025-07-04 13:33:41,938 INFO     ___FILE_ONLY___ ═
2025-07-04 13:33:41,940 INFO     ___FILE_ONLY___ ═
2025-07-04 13:33:41,942 INFO     ___FILE_ONLY___ ═
2025-07-04 13:33:41,943 INFO     ___FILE_ONLY___ ═
2025-07-04 13:33:41,945 INFO     ___FILE_ONLY___ ═
2025-07-04 13:33:41,947 INFO     ___FILE_ONLY___ ═
2025-07-04 13:33:41,948 INFO     ___FILE_ONLY___ ═
2025-07-04 13:33:41,950 INFO     ___FILE_ONLY___ ═
2025-07-04 13:33:41,952 INFO     ___FILE_ONLY___ ═
2025-07-04 13:33:41,953 INFO     ___FILE_ONLY___ ═
2025-07-04 13:33:41,955 INFO     ___FILE_ONLY___ ═
2025-07-04 13:33:41,956 INFO     ___FILE_ONLY___ ═
2025-07-04 13:33:41,958 INFO     ___FILE_ONLY___ ═
2025-07-04 13:33:41,960 INFO     ___FILE_ONLY___ ═
2025-07-04 13:33:41,961 INFO     ___FILE_ONLY___ ═
2025-07-04 13:33:41,963 INFO     ___FILE_ONLY___ ═
2025-07-04 13:33:41,965 INFO     ___FILE_ONLY___ ═
2025-07-04 13:33:41,966 INFO     ___FILE_ONLY___ ═
2025-07-04 13:33:41,968 INFO     ___FILE_ONLY___ ═
2025-07-04 13:33:41,969 INFO     ___FILE_ONLY___ ═
2025-07-04 13:33:41,971 INFO     ___FILE_ONLY___ ═
2025-07-04 13:33:41,973 INFO     ___FILE_ONLY___ ═
2025-07-04 13:33:41,974 INFO     ___FILE_ONLY___ ═
2025-07-04 13:33:41,976 INFO     ___FILE_ONLY___ ═
2025-07-04 13:33:41,978 INFO     ___FILE_ONLY___ ═
2025-07-04 13:33:41,979 INFO     ___FILE_ONLY___ ═
2025-07-04 13:33:41,981 INFO     ___FILE_ONLY___ ═
2025-07-04 13:33:41,982 INFO     ___FILE_ONLY___ ═
2025-07-04 13:33:41,984 INFO     ___FILE_ONLY___ ═
2025-07-04 13:33:41,986 INFO     ___FILE_ONLY___ ═
2025-07-04 13:33:41,987 INFO     ___FILE_ONLY___ ═
2025-07-04 13:33:41,989 INFO     ___FILE_ONLY___ ═
2025-07-04 13:33:41,991 INFO     ___FILE_ONLY___ ═
2025-07-04 13:33:41,992 INFO     ___FILE_ONLY___ ═
2025-07-04 13:33:41,994 INFO     ___FILE_ONLY___ ═
2025-07-04 13:33:41,995 INFO     ___FILE_ONLY___ ═
2025-07-04 13:33:41,997 INFO     ___FILE_ONLY___ ═
2025-07-04 13:33:41,999 INFO     ___FILE_ONLY___ ═
2025-07-04 13:33:42,000 INFO     ___FILE_ONLY___ ═
2025-07-04 13:33:42,002 INFO     ___FILE_ONLY___ ═
2025-07-04 13:33:42,004 INFO     ___FILE_ONLY___ ═
2025-07-04 13:33:42,005 INFO     ___FILE_ONLY___ ═
2025-07-04 13:33:42,007 INFO     ___FILE_ONLY___ ═
2025-07-04 13:33:42,007 INFO     ___FILE_ONLY___ ╝

2025-07-04 13:33:42,009 INFO     ___FILE_ONLY___ ╔════════════════════════════════════════════════════════════╗

2025-07-04 13:33:42,009 INFO     ___FILE_ONLY___ ╠═ Downloading: Cloud Storage Command Line Tool             ═╣

2025-07-04 13:33:42,010 INFO     ___FILE_ONLY___ ╚
2025-07-04 13:33:42,013 DEBUG    urllib3.connectionpool Starting new HTTPS connection (1): dl.google.com:443
2025-07-04 13:33:43,157 DEBUG    urllib3.connectionpool https://dl.google.com:443 "GET /dl/cloudsdk/channels/rapid/components/google-cloud-sdk-gsutil-20250627154417.tar.gz HTTP/11" 200 12962791
2025-07-04 13:33:43,208 INFO     ___FILE_ONLY___ ═
2025-07-04 13:33:43,209 INFO     ___FILE_ONLY___ ═
2025-07-04 13:33:43,209 INFO     ___FILE_ONLY___ ═
2025-07-04 13:33:43,210 INFO     ___FILE_ONLY___ ═
2025-07-04 13:33:43,210 INFO     ___FILE_ONLY___ ═
2025-07-04 13:33:43,210 INFO     ___FILE_ONLY___ ═
2025-07-04 13:33:43,211 INFO     ___FILE_ONLY___ ═
2025-07-04 13:33:43,211 INFO     ___FILE_ONLY___ ═
2025-07-04 13:33:43,211 INFO     ___FILE_ONLY___ ═
2025-07-04 13:33:43,211 INFO     ___FILE_ONLY___ ═
2025-07-04 13:33:43,212 INFO     ___FILE_ONLY___ ═
2025-07-04 13:33:43,212 INFO     ___FILE_ONLY___ ═
2025-07-04 13:33:43,212 INFO     ___FILE_ONLY___ ═
2025-07-04 13:33:43,213 INFO     ___FILE_ONLY___ ═
2025-07-04 13:33:43,213 INFO     ___FILE_ONLY___ ═
2025-07-04 13:33:43,213 INFO     ___FILE_ONLY___ ═
2025-07-04 13:33:43,214 INFO     ___FILE_ONLY___ ═
2025-07-04 13:33:43,214 INFO     ___FILE_ONLY___ ═
2025-07-04 13:33:43,214 INFO     ___FILE_ONLY___ ═
2025-07-04 13:33:43,214 INFO     ___FILE_ONLY___ ═
2025-07-04 13:33:43,215 INFO     ___FILE_ONLY___ ═
2025-07-04 13:33:43,215 INFO     ___FILE_ONLY___ ═
2025-07-04 13:33:43,215 INFO     ___FILE_ONLY___ ═
2025-07-04 13:33:43,216 INFO     ___FILE_ONLY___ ═
2025-07-04 13:33:43,216 INFO     ___FILE_ONLY___ ═
2025-07-04 13:33:43,216 INFO     ___FILE_ONLY___ ═
2025-07-04 13:33:43,216 INFO     ___FILE_ONLY___ ═
2025-07-04 13:33:43,217 INFO     ___FILE_ONLY___ ═
2025-07-04 13:33:43,217 INFO     ___FILE_ONLY___ ═
2025-07-04 13:33:43,217 INFO     ___FILE_ONLY___ ═
2025-07-04 13:33:43,218 INFO     ___FILE_ONLY___ ═
2025-07-04 13:33:43,218 INFO     ___FILE_ONLY___ ═
2025-07-04 13:33:43,218 INFO     ___FILE_ONLY___ ═
2025-07-04 13:33:43,218 INFO     ___FILE_ONLY___ ═
2025-07-04 13:33:43,219 INFO     ___FILE_ONLY___ ═
2025-07-04 13:33:43,219 INFO     ___FILE_ONLY___ ═
2025-07-04 13:33:43,219 INFO     ___FILE_ONLY___ ═
2025-07-04 13:33:43,220 INFO     ___FILE_ONLY___ ═
2025-07-04 13:33:43,220 INFO     ___FILE_ONLY___ ═
2025-07-04 13:33:43,220 INFO     ___FILE_ONLY___ ═
2025-07-04 13:33:43,221 INFO     ___FILE_ONLY___ ═
2025-07-04 13:33:43,221 INFO     ___FILE_ONLY___ ═
2025-07-04 13:33:43,221 INFO     ___FILE_ONLY___ ═
2025-07-04 13:33:43,221 INFO     ___FILE_ONLY___ ═
2025-07-04 13:33:43,222 INFO     ___FILE_ONLY___ ═
2025-07-04 13:33:43,222 INFO     ___FILE_ONLY___ ═
2025-07-04 13:33:43,222 INFO     ___FILE_ONLY___ ═
2025-07-04 13:33:43,223 INFO     ___FILE_ONLY___ ═
2025-07-04 13:33:43,223 INFO     ___FILE_ONLY___ ═
2025-07-04 13:33:43,223 INFO     ___FILE_ONLY___ ═
2025-07-04 13:33:43,224 INFO     ___FILE_ONLY___ ═
2025-07-04 13:33:43,224 INFO     ___FILE_ONLY___ ═
2025-07-04 13:33:43,224 INFO     ___FILE_ONLY___ ═
2025-07-04 13:33:43,225 INFO     ___FILE_ONLY___ ═
2025-07-04 13:33:43,225 INFO     ___FILE_ONLY___ ═
2025-07-04 13:33:43,225 INFO     ___FILE_ONLY___ ═
2025-07-04 13:33:43,225 INFO     ___FILE_ONLY___ ═
2025-07-04 13:33:43,226 INFO     ___FILE_ONLY___ ═
2025-07-04 13:33:43,226 INFO     ___FILE_ONLY___ ═
2025-07-04 13:33:43,226 INFO     ___FILE_ONLY___ ═
2025-07-04 13:33:43,226 INFO     ___FILE_ONLY___ ╝

2025-07-04 13:33:43,228 INFO     ___FILE_ONLY___ ╔════════════════════════════════════════════════════════════╗

2025-07-04 13:33:43,229 INFO     ___FILE_ONLY___ ╠═ Downloading: Cloud Storage Command Line Tool (Platfor... ═╣

2025-07-04 13:33:43,229 INFO     ___FILE_ONLY___ ╚
2025-07-04 13:33:43,232 DEBUG    urllib3.connectionpool Starting new HTTPS connection (1): dl.google.com:443
2025-07-04 13:33:44,366 DEBUG    urllib3.connectionpool https://dl.google.com:443 "GET /dl/cloudsdk/channels/rapid/components/google-cloud-sdk-gsutil-nix-20250523104322.tar.gz HTTP/11" 200 1950
2025-07-04 13:33:44,366 INFO     ___FILE_ONLY___ ════════════════════════════════════════════════════════════
2025-07-04 13:33:44,367 INFO     ___FILE_ONLY___ ╝

2025-07-04 13:33:44,369 INFO     ___FILE_ONLY___ ╔════════════════════════════════════════════════════════════╗

2025-07-04 13:33:44,369 INFO     ___FILE_ONLY___ ╠═ Downloading: Default set of gcloud commands              ═╣

2025-07-04 13:33:44,369 INFO     ___FILE_ONLY___ ╚
2025-07-04 13:33:44,369 INFO     ___FILE_ONLY___ ════════════════════════════════════════════════════════════
2025-07-04 13:33:44,369 INFO     ___FILE_ONLY___ ╝

2025-07-04 13:33:44,371 INFO     ___FILE_ONLY___ ╔════════════════════════════════════════════════════════════╗

2025-07-04 13:33:44,371 INFO     ___FILE_ONLY___ ╠═ Downloading: Google Cloud CLI Core Libraries (Platfor... ═╣

2025-07-04 13:33:44,371 INFO     ___FILE_ONLY___ ╚
2025-07-04 13:33:44,374 DEBUG    urllib3.connectionpool Starting new HTTPS connection (1): dl.google.com:443
2025-07-04 13:33:44,598 DEBUG    urllib3.connectionpool https://dl.google.com:443 "GET /dl/cloudsdk/channels/rapid/components/google-cloud-sdk-core-nix-20250523104322.tar.gz HTTP/11" 200 2325
2025-07-04 13:33:44,599 INFO     ___FILE_ONLY___ ════════════════════════════════════════════════════════════
2025-07-04 13:33:44,599 INFO     ___FILE_ONLY___ ╝

2025-07-04 13:33:44,601 INFO     ___FILE_ONLY___ ╔════════════════════════════════════════════════════════════╗

2025-07-04 13:33:44,601 INFO     ___FILE_ONLY___ ╠═ Downloading: Google Cloud CRC32C Hash Tool               ═╣

2025-07-04 13:33:44,601 INFO     ___FILE_ONLY___ ╚
2025-07-04 13:33:44,601 INFO     ___FILE_ONLY___ ════════════════════════════════════════════════════════════
2025-07-04 13:33:44,601 INFO     ___FILE_ONLY___ ╝

2025-07-04 13:33:44,603 INFO     ___FILE_ONLY___ ╔════════════════════════════════════════════════════════════╗

2025-07-04 13:33:44,603 INFO     ___FILE_ONLY___ ╠═ Downloading: Google Cloud CRC32C Hash Tool (Platform ... ═╣

2025-07-04 13:33:44,603 INFO     ___FILE_ONLY___ ╚
2025-07-04 13:33:44,607 DEBUG    urllib3.connectionpool Starting new HTTPS connection (1): dl.google.com:443
2025-07-04 13:33:45,695 DEBUG    urllib3.connectionpool https://dl.google.com:443 "GET /dl/cloudsdk/channels/rapid/components/google-cloud-sdk-gcloud-crc32c-linux-x86_64-20250613150750.tar.gz HTTP/11" 200 1525557
2025-07-04 13:33:45,710 INFO     ___FILE_ONLY___ ═
2025-07-04 13:33:45,710 INFO     ___FILE_ONLY___ ═
2025-07-04 13:33:45,710 INFO     ___FILE_ONLY___ ═
2025-07-04 13:33:45,710 INFO     ___FILE_ONLY___ ═
2025-07-04 13:33:45,710 INFO     ___FILE_ONLY___ ═
2025-07-04 13:33:45,711 INFO     ___FILE_ONLY___ ═
2025-07-04 13:33:45,711 INFO     ___FILE_ONLY___ ═
2025-07-04 13:33:45,711 INFO     ___FILE_ONLY___ ═
2025-07-04 13:33:45,711 INFO     ___FILE_ONLY___ ═
2025-07-04 13:33:45,711 INFO     ___FILE_ONLY___ ═
2025-07-04 13:33:45,711 INFO     ___FILE_ONLY___ ═
2025-07-04 13:33:45,711 INFO     ___FILE_ONLY___ ═
2025-07-04 13:33:45,711 INFO     ___FILE_ONLY___ ═
2025-07-04 13:33:45,712 INFO     ___FILE_ONLY___ ═
2025-07-04 13:33:45,712 INFO     ___FILE_ONLY___ ═
2025-07-04 13:33:45,712 INFO     ___FILE_ONLY___ ═
2025-07-04 13:33:45,712 INFO     ___FILE_ONLY___ ═
2025-07-04 13:33:45,712 INFO     ___FILE_ONLY___ ═
2025-07-04 13:33:45,712 INFO     ___FILE_ONLY___ ═
2025-07-04 13:33:45,712 INFO     ___FILE_ONLY___ ═
2025-07-04 13:33:45,712 INFO     ___FILE_ONLY___ ═
2025-07-04 13:33:45,712 INFO     ___FILE_ONLY___ ═
2025-07-04 13:33:45,713 INFO     ___FILE_ONLY___ ═
2025-07-04 13:33:45,713 INFO     ___FILE_ONLY___ ═
2025-07-04 13:33:45,713 INFO     ___FILE_ONLY___ ═
2025-07-04 13:33:45,713 INFO     ___FILE_ONLY___ ═
2025-07-04 13:33:45,713 INFO     ___FILE_ONLY___ ═
2025-07-04 13:33:45,713 INFO     ___FILE_ONLY___ ═
2025-07-04 13:33:45,713 INFO     ___FILE_ONLY___ ═
2025-07-04 13:33:45,713 INFO     ___FILE_ONLY___ ═
2025-07-04 13:33:45,714 INFO     ___FILE_ONLY___ ═
2025-07-04 13:33:45,714 INFO     ___FILE_ONLY___ ═
2025-07-04 13:33:45,714 INFO     ___FILE_ONLY___ ═
2025-07-04 13:33:45,714 INFO     ___FILE_ONLY___ ═
2025-07-04 13:33:45,714 INFO     ___FILE_ONLY___ ═
2025-07-04 13:33:45,714 INFO     ___FILE_ONLY___ ═
2025-07-04 13:33:45,714 INFO     ___FILE_ONLY___ ═
2025-07-04 13:33:45,714 INFO     ___FILE_ONLY___ ═
2025-07-04 13:33:45,714 INFO     ___FILE_ONLY___ ═
2025-07-04 13:33:45,714 INFO     ___FILE_ONLY___ ═
2025-07-04 13:33:45,715 INFO     ___FILE_ONLY___ ═
2025-07-04 13:33:45,715 INFO     ___FILE_ONLY___ ═
2025-07-04 13:33:45,715 INFO     ___FILE_ONLY___ ═
2025-07-04 13:33:45,715 INFO     ___FILE_ONLY___ ═
2025-07-04 13:33:45,715 INFO     ___FILE_ONLY___ ═
2025-07-04 13:33:45,715 INFO     ___FILE_ONLY___ ═
2025-07-04 13:33:45,715 INFO     ___FILE_ONLY___ ═
2025-07-04 13:33:45,715 INFO     ___FILE_ONLY___ ═
2025-07-04 13:33:45,715 INFO     ___FILE_ONLY___ ═
2025-07-04 13:33:45,716 INFO     ___FILE_ONLY___ ═
2025-07-04 13:33:45,716 INFO     ___FILE_ONLY___ ═
2025-07-04 13:33:45,716 INFO     ___FILE_ONLY___ ═
2025-07-04 13:33:45,716 INFO     ___FILE_ONLY___ ═
2025-07-04 13:33:45,716 INFO     ___FILE_ONLY___ ═
2025-07-04 13:33:45,716 INFO     ___FILE_ONLY___ ═
2025-07-04 13:33:45,716 INFO     ___FILE_ONLY___ ═
2025-07-04 13:33:45,716 INFO     ___FILE_ONLY___ ═
2025-07-04 13:33:45,716 INFO     ___FILE_ONLY___ ═
2025-07-04 13:33:45,717 INFO     ___FILE_ONLY___ ═
2025-07-04 13:33:45,717 INFO     ___FILE_ONLY___ ═
2025-07-04 13:33:45,717 INFO     ___FILE_ONLY___ ╝

2025-07-04 13:33:45,719 INFO     ___FILE_ONLY___ ╔════════════════════════════════════════════════════════════╗

2025-07-04 13:33:45,719 INFO     ___FILE_ONLY___ ╠═ Downloading: gcloud cli dependencies (Platform Specific) ═╣

2025-07-04 13:33:45,719 INFO     ___FILE_ONLY___ ╚
2025-07-04 13:33:45,722 DEBUG    urllib3.connectionpool Starting new HTTPS connection (1): dl.google.com:443
2025-07-04 13:33:46,830 DEBUG    urllib3.connectionpool https://dl.google.com:443 "GET /dl/cloudsdk/channels/rapid/components/google-cloud-sdk-gcloud-deps-linux-x86_64-20210416153011.tar.gz HTTP/11" 200 104
2025-07-04 13:33:46,830 INFO     ___FILE_ONLY___ ════════════════════════════════════════════════════════════
2025-07-04 13:33:46,831 INFO     ___FILE_ONLY___ ╝

2025-07-04 13:33:46,833 INFO     ___FILE_ONLY___ ╔════════════════════════════════════════════════════════════╗

2025-07-04 13:33:46,833 INFO     ___FILE_ONLY___ ╠═ Installing: BigQuery Command Line Tool                   ═╣

2025-07-04 13:33:46,833 INFO     ___FILE_ONLY___ ╚
2025-07-04 13:33:46,953 INFO     ___FILE_ONLY___ ═
2025-07-04 13:33:46,956 INFO     ___FILE_ONLY___ ═
2025-07-04 13:33:46,959 INFO     ___FILE_ONLY___ ═
2025-07-04 13:33:46,962 INFO     ___FILE_ONLY___ ═
2025-07-04 13:33:46,965 INFO     ___FILE_ONLY___ ═
2025-07-04 13:33:46,968 INFO     ___FILE_ONLY___ ═
2025-07-04 13:33:46,970 INFO     ___FILE_ONLY___ ═
2025-07-04 13:33:46,972 INFO     ___FILE_ONLY___ ═
2025-07-04 13:33:46,974 INFO     ___FILE_ONLY___ ═
2025-07-04 13:33:46,976 INFO     ___FILE_ONLY___ ═
2025-07-04 13:33:46,978 INFO     ___FILE_ONLY___ ═
2025-07-04 13:33:46,980 INFO     ___FILE_ONLY___ ═
2025-07-04 13:33:46,982 INFO     ___FILE_ONLY___ ═
2025-07-04 13:33:46,984 INFO     ___FILE_ONLY___ ═
2025-07-04 13:33:46,986 INFO     ___FILE_ONLY___ ═
2025-07-04 13:33:46,988 INFO     ___FILE_ONLY___ ═
2025-07-04 13:33:46,990 INFO     ___FILE_ONLY___ ═
2025-07-04 13:33:46,992 INFO     ___FILE_ONLY___ ═
2025-07-04 13:33:46,994 INFO     ___FILE_ONLY___ ═
2025-07-04 13:33:46,997 INFO     ___FILE_ONLY___ ═
2025-07-04 13:33:47,000 INFO     ___FILE_ONLY___ ═
2025-07-04 13:33:47,002 INFO     ___FILE_ONLY___ ═
2025-07-04 13:33:47,004 INFO     ___FILE_ONLY___ ═
2025-07-04 13:33:47,006 INFO     ___FILE_ONLY___ ═
2025-07-04 13:33:47,007 INFO     ___FILE_ONLY___ ═
2025-07-04 13:33:47,009 INFO     ___FILE_ONLY___ ═
2025-07-04 13:33:47,011 INFO     ___FILE_ONLY___ ═
2025-07-04 13:33:47,013 INFO     ___FILE_ONLY___ ═
2025-07-04 13:33:47,015 INFO     ___FILE_ONLY___ ═
2025-07-04 13:33:47,018 INFO     ___FILE_ONLY___ ═
2025-07-04 13:33:47,020 INFO     ___FILE_ONLY___ ═
2025-07-04 13:33:47,022 INFO     ___FILE_ONLY___ ═
2025-07-04 13:33:47,024 INFO     ___FILE_ONLY___ ═
2025-07-04 13:33:47,027 INFO     ___FILE_ONLY___ ═
2025-07-04 13:33:47,029 INFO     ___FILE_ONLY___ ═
2025-07-04 13:33:47,036 INFO     ___FILE_ONLY___ ═
2025-07-04 13:33:47,041 INFO     ___FILE_ONLY___ ═
2025-07-04 13:33:47,046 INFO     ___FILE_ONLY___ ═
2025-07-04 13:33:47,048 INFO     ___FILE_ONLY___ ═
2025-07-04 13:33:47,050 INFO     ___FILE_ONLY___ ═
2025-07-04 13:33:47,052 INFO     ___FILE_ONLY___ ═
2025-07-04 13:33:47,054 INFO     ___FILE_ONLY___ ═
2025-07-04 13:33:47,057 INFO     ___FILE_ONLY___ ═
2025-07-04 13:33:47,061 INFO     ___FILE_ONLY___ ═
2025-07-04 13:33:47,062 INFO     ___FILE_ONLY___ ═
2025-07-04 13:33:47,065 INFO     ___FILE_ONLY___ ═
2025-07-04 13:33:47,066 INFO     ___FILE_ONLY___ ═
2025-07-04 13:33:47,068 INFO     ___FILE_ONLY___ ═
2025-07-04 13:33:47,070 INFO     ___FILE_ONLY___ ═
2025-07-04 13:33:47,072 INFO     ___FILE_ONLY___ ═
2025-07-04 13:33:47,074 INFO     ___FILE_ONLY___ ═
2025-07-04 13:33:47,077 INFO     ___FILE_ONLY___ ═
2025-07-04 13:33:47,078 INFO     ___FILE_ONLY___ ═
2025-07-04 13:33:47,081 INFO     ___FILE_ONLY___ ═
2025-07-04 13:33:47,082 INFO     ___FILE_ONLY___ ═
2025-07-04 13:33:47,084 INFO     ___FILE_ONLY___ ═
2025-07-04 13:33:47,086 INFO     ___FILE_ONLY___ ═
2025-07-04 13:33:47,088 INFO     ___FILE_ONLY___ ═
2025-07-04 13:33:47,090 INFO     ___FILE_ONLY___ ═
2025-07-04 13:33:47,092 INFO     ___FILE_ONLY___ ═
2025-07-04 13:33:47,092 INFO     ___FILE_ONLY___ ╝

2025-07-04 13:33:47,100 INFO     ___FILE_ONLY___ ╔════════════════════════════════════════════════════════════╗

2025-07-04 13:33:47,100 INFO     ___FILE_ONLY___ ╠═ Installing: BigQuery Command Line Tool (Platform Spec... ═╣

2025-07-04 13:33:47,100 INFO     ___FILE_ONLY___ ╚
2025-07-04 13:33:47,101 INFO     ___FILE_ONLY___ ════════════════════════════════════════════════════════════
2025-07-04 13:33:47,101 INFO     ___FILE_ONLY___ ╝

2025-07-04 13:33:47,106 INFO     ___FILE_ONLY___ ╔════════════════════════════════════════════════════════════╗

2025-07-04 13:33:47,106 INFO     ___FILE_ONLY___ ╠═ Installing: Bundled Python 3.12                          ═╣

2025-07-04 13:33:47,106 INFO     ___FILE_ONLY___ ╚
2025-07-04 13:33:47,109 INFO     ___FILE_ONLY___ ════════════════════════════════════════════════════════════
2025-07-04 13:33:47,109 INFO     ___FILE_ONLY___ ╝

2025-07-04 13:33:47,111 INFO     ___FILE_ONLY___ ╔════════════════════════════════════════════════════════════╗

2025-07-04 13:33:47,111 INFO     ___FILE_ONLY___ ╠═ Installing: Bundled Python 3.12 (Platform Specific)      ═╣

2025-07-04 13:33:47,111 INFO     ___FILE_ONLY___ ╚
2025-07-04 13:33:49,333 INFO     ___FILE_ONLY___ ═
2025-07-04 13:33:49,345 INFO     ___FILE_ONLY___ ═
2025-07-04 13:33:49,356 INFO     ___FILE_ONLY___ ═
2025-07-04 13:33:49,368 INFO     ___FILE_ONLY___ ═
2025-07-04 13:33:49,380 INFO     ___FILE_ONLY___ ═
2025-07-04 13:33:49,392 INFO     ___FILE_ONLY___ ═
2025-07-04 13:33:49,405 INFO     ___FILE_ONLY___ ═
2025-07-04 13:33:49,416 INFO     ___FILE_ONLY___ ═
2025-07-04 13:33:49,428 INFO     ___FILE_ONLY___ ═
2025-07-04 13:33:49,439 INFO     ___FILE_ONLY___ ═
2025-07-04 13:33:49,453 INFO     ___FILE_ONLY___ ═
2025-07-04 13:33:49,466 INFO     ___FILE_ONLY___ ═
2025-07-04 13:33:49,480 INFO     ___FILE_ONLY___ ═
2025-07-04 13:33:49,495 INFO     ___FILE_ONLY___ ═
2025-07-04 13:33:49,509 INFO     ___FILE_ONLY___ ═
2025-07-04 13:33:49,523 INFO     ___FILE_ONLY___ ═
2025-07-04 13:33:49,536 INFO     ___FILE_ONLY___ ═
2025-07-04 13:33:49,550 INFO     ___FILE_ONLY___ ═
2025-07-04 13:33:49,564 INFO     ___FILE_ONLY___ ═
2025-07-04 13:33:49,577 INFO     ___FILE_ONLY___ ═
2025-07-04 13:33:49,591 INFO     ___FILE_ONLY___ ═
2025-07-04 13:33:49,606 INFO     ___FILE_ONLY___ ═
2025-07-04 13:33:49,620 INFO     ___FILE_ONLY___ ═
2025-07-04 13:33:49,633 INFO     ___FILE_ONLY___ ═
2025-07-04 13:33:49,646 INFO     ___FILE_ONLY___ ═
2025-07-04 13:33:49,660 INFO     ___FILE_ONLY___ ═
2025-07-04 13:33:49,673 INFO     ___FILE_ONLY___ ═
2025-07-04 13:33:49,687 INFO     ___FILE_ONLY___ ═
2025-07-04 13:33:49,702 INFO     ___FILE_ONLY___ ═
2025-07-04 13:33:49,717 INFO     ___FILE_ONLY___ ═
2025-07-04 13:33:49,730 INFO     ___FILE_ONLY___ ═
2025-07-04 13:33:49,743 INFO     ___FILE_ONLY___ ═
2025-07-04 13:33:49,757 INFO     ___FILE_ONLY___ ═
2025-07-04 13:33:49,771 INFO     ___FILE_ONLY___ ═
2025-07-04 13:33:49,787 INFO     ___FILE_ONLY___ ═
2025-07-04 13:33:49,801 INFO     ___FILE_ONLY___ ═
2025-07-04 13:33:50,667 INFO     ___FILE_ONLY___ ═
2025-07-04 13:33:50,690 INFO     ___FILE_ONLY___ ═
2025-07-04 13:33:51,186 INFO     ___FILE_ONLY___ ═
2025-07-04 13:33:51,203 INFO     ___FILE_ONLY___ ═
2025-07-04 13:33:51,224 INFO     ___FILE_ONLY___ ═
2025-07-04 13:33:51,249 INFO     ___FILE_ONLY___ ═
2025-07-04 13:33:51,267 INFO     ___FILE_ONLY___ ═
2025-07-04 13:33:51,294 INFO     ___FILE_ONLY___ ═
2025-07-04 13:33:51,313 INFO     ___FILE_ONLY___ ═
2025-07-04 13:33:51,331 INFO     ___FILE_ONLY___ ═
2025-07-04 13:33:51,347 INFO     ___FILE_ONLY___ ═
2025-07-04 13:33:51,363 INFO     ___FILE_ONLY___ ═
2025-07-04 13:33:51,456 INFO     ___FILE_ONLY___ ═
2025-07-04 13:33:51,476 INFO     ___FILE_ONLY___ ═
2025-07-04 13:33:51,621 INFO     ___FILE_ONLY___ ═
2025-07-04 13:33:51,638 INFO     ___FILE_ONLY___ ═
2025-07-04 13:33:51,654 INFO     ___FILE_ONLY___ ═
2025-07-04 13:33:51,670 INFO     ___FILE_ONLY___ ═
2025-07-04 13:33:51,685 INFO     ___FILE_ONLY___ ═
2025-07-04 13:33:51,708 INFO     ___FILE_ONLY___ ═
2025-07-04 13:33:51,728 INFO     ___FILE_ONLY___ ═
2025-07-04 13:33:51,748 INFO     ___FILE_ONLY___ ═
2025-07-04 13:33:51,775 INFO     ___FILE_ONLY___ ═
2025-07-04 13:33:52,266 INFO     ___FILE_ONLY___ ═
2025-07-04 13:33:52,266 INFO     ___FILE_ONLY___ ╝

2025-07-04 13:33:52,316 INFO     ___FILE_ONLY___ ╔════════════════════════════════════════════════════════════╗

2025-07-04 13:33:52,316 INFO     ___FILE_ONLY___ ╠═ Installing: Cloud Storage Command Line Tool              ═╣

2025-07-04 13:33:52,316 INFO     ___FILE_ONLY___ ╚
2025-07-04 13:33:52,868 INFO     ___FILE_ONLY___ ═
2025-07-04 13:33:52,879 INFO     ___FILE_ONLY___ ═
2025-07-04 13:33:52,889 INFO     ___FILE_ONLY___ ═
2025-07-04 13:33:52,899 INFO     ___FILE_ONLY___ ═
2025-07-04 13:33:52,908 INFO     ___FILE_ONLY___ ═
2025-07-04 13:33:52,942 INFO     ___FILE_ONLY___ ═
2025-07-04 13:33:52,955 INFO     ___FILE_ONLY___ ═
2025-07-04 13:33:52,970 INFO     ___FILE_ONLY___ ═
2025-07-04 13:33:52,985 INFO     ___FILE_ONLY___ ═
2025-07-04 13:33:52,999 INFO     ___FILE_ONLY___ ═
2025-07-04 13:33:53,017 INFO     ___FILE_ONLY___ ═
2025-07-04 13:33:53,028 INFO     ___FILE_ONLY___ ═
2025-07-04 13:33:53,039 INFO     ___FILE_ONLY___ ═
2025-07-04 13:33:53,048 INFO     ___FILE_ONLY___ ═
2025-07-04 13:33:53,057 INFO     ___FILE_ONLY___ ═
2025-07-04 13:33:53,073 INFO     ___FILE_ONLY___ ═
2025-07-04 13:33:53,086 INFO     ___FILE_ONLY___ ═
2025-07-04 13:33:53,095 INFO     ___FILE_ONLY___ ═
2025-07-04 13:33:53,106 INFO     ___FILE_ONLY___ ═
2025-07-04 13:33:53,117 INFO     ___FILE_ONLY___ ═
2025-07-04 13:33:53,126 INFO     ___FILE_ONLY___ ═
2025-07-04 13:33:53,138 INFO     ___FILE_ONLY___ ═
2025-07-04 13:33:53,147 INFO     ___FILE_ONLY___ ═
2025-07-04 13:33:53,158 INFO     ___FILE_ONLY___ ═
2025-07-04 13:33:53,167 INFO     ___FILE_ONLY___ ═
2025-07-04 13:33:53,177 INFO     ___FILE_ONLY___ ═
2025-07-04 13:33:53,187 INFO     ___FILE_ONLY___ ═
2025-07-04 13:33:53,200 INFO     ___FILE_ONLY___ ═
2025-07-04 13:33:53,216 INFO     ___FILE_ONLY___ ═
2025-07-04 13:33:53,227 INFO     ___FILE_ONLY___ ═
2025-07-04 13:33:53,239 INFO     ___FILE_ONLY___ ═
2025-07-04 13:33:53,260 INFO     ___FILE_ONLY___ ═
2025-07-04 13:33:53,274 INFO     ___FILE_ONLY___ ═
2025-07-04 13:33:53,292 INFO     ___FILE_ONLY___ ═
2025-07-04 13:33:53,306 INFO     ___FILE_ONLY___ ═
2025-07-04 13:33:53,322 INFO     ___FILE_ONLY___ ═
2025-07-04 13:33:53,331 INFO     ___FILE_ONLY___ ═
2025-07-04 13:33:53,342 INFO     ___FILE_ONLY___ ═
2025-07-04 13:33:53,376 INFO     ___FILE_ONLY___ ═
2025-07-04 13:33:53,389 INFO     ___FILE_ONLY___ ═
2025-07-04 13:33:53,400 INFO     ___FILE_ONLY___ ═
2025-07-04 13:33:53,410 INFO     ___FILE_ONLY___ ═
2025-07-04 13:33:53,420 INFO     ___FILE_ONLY___ ═
2025-07-04 13:33:53,431 INFO     ___FILE_ONLY___ ═
2025-07-04 13:33:53,441 INFO     ___FILE_ONLY___ ═
2025-07-04 13:33:53,450 INFO     ___FILE_ONLY___ ═
2025-07-04 13:33:53,460 INFO     ___FILE_ONLY___ ═
2025-07-04 13:33:53,468 INFO     ___FILE_ONLY___ ═
2025-07-04 13:33:53,478 INFO     ___FILE_ONLY___ ═
2025-07-04 13:33:53,490 INFO     ___FILE_ONLY___ ═
2025-07-04 13:33:53,504 INFO     ___FILE_ONLY___ ═
2025-07-04 13:33:53,516 INFO     ___FILE_ONLY___ ═
2025-07-04 13:33:53,530 INFO     ___FILE_ONLY___ ═
2025-07-04 13:33:53,543 INFO     ___FILE_ONLY___ ═
2025-07-04 13:33:53,555 INFO     ___FILE_ONLY___ ═
2025-07-04 13:33:53,570 INFO     ___FILE_ONLY___ ═
2025-07-04 13:33:53,586 INFO     ___FILE_ONLY___ ═
2025-07-04 13:33:53,607 INFO     ___FILE_ONLY___ ═
2025-07-04 13:33:53,623 INFO     ___FILE_ONLY___ ═
2025-07-04 13:33:53,640 INFO     ___FILE_ONLY___ ═
2025-07-04 13:33:53,640 INFO     ___FILE_ONLY___ ╝

2025-07-04 13:33:53,670 INFO     ___FILE_ONLY___ ╔════════════════════════════════════════════════════════════╗

2025-07-04 13:33:53,671 INFO     ___FILE_ONLY___ ╠═ Installing: Cloud Storage Command Line Tool (Platform... ═╣

2025-07-04 13:33:53,671 INFO     ___FILE_ONLY___ ╚
2025-07-04 13:33:53,671 INFO     ___FILE_ONLY___ ════════════════════════════════════════════════════════════
2025-07-04 13:33:53,671 INFO     ___FILE_ONLY___ ╝

2025-07-04 13:33:53,676 INFO     ___FILE_ONLY___ ╔════════════════════════════════════════════════════════════╗

2025-07-04 13:33:53,676 INFO     ___FILE_ONLY___ ╠═ Installing: Default set of gcloud commands               ═╣

2025-07-04 13:33:53,676 INFO     ___FILE_ONLY___ ╚
2025-07-04 13:33:53,678 INFO     ___FILE_ONLY___ ════════════════════════════════════════════════════════════
2025-07-04 13:33:53,678 INFO     ___FILE_ONLY___ ╝

2025-07-04 13:33:53,680 INFO     ___FILE_ONLY___ ╔════════════════════════════════════════════════════════════╗

2025-07-04 13:33:53,680 INFO     ___FILE_ONLY___ ╠═ Installing: Google Cloud CLI Core Libraries (Platform... ═╣

2025-07-04 13:33:53,680 INFO     ___FILE_ONLY___ ╚
2025-07-04 13:33:53,681 INFO     ___FILE_ONLY___ ══════════════════════════════
2025-07-04 13:33:53,681 INFO     ___FILE_ONLY___ ══════════════════════════════
2025-07-04 13:33:53,681 INFO     ___FILE_ONLY___ ╝

2025-07-04 13:33:53,685 INFO     ___FILE_ONLY___ ╔════════════════════════════════════════════════════════════╗

2025-07-04 13:33:53,685 INFO     ___FILE_ONLY___ ╠═ Installing: Google Cloud CRC32C Hash Tool                ═╣

2025-07-04 13:33:53,685 INFO     ___FILE_ONLY___ ╚
2025-07-04 13:33:53,687 INFO     ___FILE_ONLY___ ════════════════════════════════════════════════════════════
2025-07-04 13:33:53,688 INFO     ___FILE_ONLY___ ╝

2025-07-04 13:33:53,689 INFO     ___FILE_ONLY___ ╔════════════════════════════════════════════════════════════╗

2025-07-04 13:33:53,689 INFO     ___FILE_ONLY___ ╠═ Installing: Google Cloud CRC32C Hash Tool (Platform S... ═╣

2025-07-04 13:33:53,689 INFO     ___FILE_ONLY___ ╚
2025-07-04 13:33:53,728 INFO     ___FILE_ONLY___ ══════════════════════════════
2025-07-04 13:33:53,728 INFO     ___FILE_ONLY___ ══════════════════════════════
2025-07-04 13:33:53,728 INFO     ___FILE_ONLY___ ╝

2025-07-04 13:33:53,733 INFO     ___FILE_ONLY___ ╔════════════════════════════════════════════════════════════╗

2025-07-04 13:33:53,733 INFO     ___FILE_ONLY___ ╠═ Installing: gcloud cli dependencies (Platform Specific)  ═╣

2025-07-04 13:33:53,733 INFO     ___FILE_ONLY___ ╚
2025-07-04 13:33:53,734 INFO     ___FILE_ONLY___ ════════════════════════════════════════════════════════════
2025-07-04 13:33:53,734 INFO     ___FILE_ONLY___ ╝

2025-07-04 13:33:53,739 DEBUG    root            Updating notification cache...
2025-07-04 13:33:53,739 INFO     ___FILE_ONLY___ 

2025-07-04 13:33:53,741 INFO     ___FILE_ONLY___ Performing post processing steps...
2025-07-04 13:33:53,741 DEBUG    root            Executing command: ['/tools/google-cloud-sdk/bin/gcloud', 'components', 'post-process']
2025-07-04 13:34:02,492 DEBUG    ___FILE_ONLY___ 
2025-07-04 13:34:02,492 DEBUG    ___FILE_ONLY___ 
2025-07-04 13:34:02,532 INFO     root            descriptor_list: [{'universeDomain': 'googleapis.com', 'universeShortName': '', 'authenticationDomain': 'auth.cloud.google.com', 'projectPrefix': '', 'cloudWebDomain': 'cloud.google.com', 'documentationDomain': 'cloud.google.com', 'version': '1.0.0', 'state': 'primary', 'artifactRegistryDomain': 'pkg.dev'}]
2025-07-04 13:34:02,533 INFO     ___FILE_ONLY___ 
Update done!


2025-07-04 13:34:02,536 DEBUG    root            Chosen display Format:none
2025-07-04 13:34:02,536 INFO     root            Display format: "none"
