2025-07-04 13:34:03,186 DEBUG    root            Loaded Command Group: ['gcloud', 'components']
2025-07-04 13:34:03,187 DEBUG    root            Loaded Command Group: ['gcloud', 'components', 'update']
2025-07-04 13:34:03,189 DEBUG    root            Running [gcloud.components.update] with arguments: [--quiet: "True", COMPONENT-IDS:8: "['gcloud', 'core', 'bq', 'gsutil', 'compute', 'preview', 'alpha', 'beta']"]
2025-07-04 13:34:03,190 INFO     ___FILE_ONLY___ Beginning update. This process may take several minutes.

2025-07-04 13:34:03,199 DEBUG    urllib3.connectionpool Starting new HTTPS connection (1): dl.google.com:443
2025-07-04 13:34:04,263 DEBUG    urllib3.connectionpool https://dl.google.com:443 "GET /dl/cloudsdk/channels/rapid/components-2.json HTTP/11" 200 239798
2025-07-04 13:34:04,281 WARNING  root            Component [compute] no longer exists.
2025-07-04 13:34:04,282 INFO     ___FILE_ONLY___ 

2025-07-04 13:34:04,283 INFO     ___FILE_ONLY___ 
Your current Google Cloud CLI version is: 529.0.0

2025-07-04 13:34:04,283 INFO     ___FILE_ONLY___ Installing components from version: 529.0.0

2025-07-04 13:34:04,283 INFO     ___FILE_ONLY___ 

2025-07-04 13:34:04,283 DEBUG    root            Chosen display Format:table[box,title="These components will be removed."](details.display_name:label=Name:align=left,version.version_string:label=Version:align=right,data.size.size(zero="",min=1048576):label=Size:align=right)
2025-07-04 13:34:04,284 DEBUG    root            Chosen display Format:table[box,title="These components will be updated."](details.display_name:label=Name:align=left,version.version_string:label=Version:align=right,data.size.size(zero="",min=1048576):label=Size:align=right)
2025-07-04 13:34:04,284 DEBUG    root            Chosen display Format:table[box,title="These components will be installed."](details.display_name:label=Name:align=left,version.version_string:label=Version:align=right,data.size.size(zero="",min=1048576):label=Size:align=right)
2025-07-04 13:34:04,302 INFO     ___FILE_ONLY___ ┌────────────────────────────────────────────────┐
2025-07-04 13:34:04,302 INFO     ___FILE_ONLY___ 

2025-07-04 13:34:04,302 INFO     ___FILE_ONLY___ │      These components will be installed.       │
2025-07-04 13:34:04,302 INFO     ___FILE_ONLY___ 

2025-07-04 13:34:04,302 INFO     ___FILE_ONLY___ ├─────────────────────────┬────────────┬─────────┤
2025-07-04 13:34:04,302 INFO     ___FILE_ONLY___ 

2025-07-04 13:34:04,302 INFO     ___FILE_ONLY___ │           Name          │  Version   │   Size  │
2025-07-04 13:34:04,303 INFO     ___FILE_ONLY___ 

2025-07-04 13:34:04,303 INFO     ___FILE_ONLY___ ├─────────────────────────┼────────────┼─────────┤
2025-07-04 13:34:04,303 INFO     ___FILE_ONLY___ 

2025-07-04 13:34:04,303 INFO     ___FILE_ONLY___ │ 
2025-07-04 13:34:04,303 INFO     ___FILE_ONLY___ gcloud Alpha Commands  
2025-07-04 13:34:04,303 INFO     ___FILE_ONLY___  
2025-07-04 13:34:04,303 INFO     ___FILE_ONLY___ │ 
2025-07-04 13:34:04,303 INFO     ___FILE_ONLY___ 2025.06.27
2025-07-04 13:34:04,303 INFO     ___FILE_ONLY___  
2025-07-04 13:34:04,303 INFO     ___FILE_ONLY___ │ 
2025-07-04 13:34:04,303 INFO     ___FILE_ONLY___ < 1 MiB
2025-07-04 13:34:04,303 INFO     ___FILE_ONLY___  
2025-07-04 13:34:04,303 INFO     ___FILE_ONLY___ │
2025-07-04 13:34:04,303 INFO     ___FILE_ONLY___ 

2025-07-04 13:34:04,303 INFO     ___FILE_ONLY___ │ 
2025-07-04 13:34:04,303 INFO     ___FILE_ONLY___ gcloud Beta Commands   
2025-07-04 13:34:04,303 INFO     ___FILE_ONLY___  
2025-07-04 13:34:04,304 INFO     ___FILE_ONLY___ │ 
2025-07-04 13:34:04,304 INFO     ___FILE_ONLY___ 2025.06.27
2025-07-04 13:34:04,304 INFO     ___FILE_ONLY___  
2025-07-04 13:34:04,304 INFO     ___FILE_ONLY___ │ 
2025-07-04 13:34:04,304 INFO     ___FILE_ONLY___ < 1 MiB
2025-07-04 13:34:04,304 INFO     ___FILE_ONLY___  
2025-07-04 13:34:04,304 INFO     ___FILE_ONLY___ │
2025-07-04 13:34:04,304 INFO     ___FILE_ONLY___ 

2025-07-04 13:34:04,304 INFO     ___FILE_ONLY___ │ 
2025-07-04 13:34:04,304 INFO     ___FILE_ONLY___ gcloud Preview Commands
2025-07-04 13:34:04,304 INFO     ___FILE_ONLY___  
2025-07-04 13:34:04,304 INFO     ___FILE_ONLY___ │ 
2025-07-04 13:34:04,304 INFO     ___FILE_ONLY___           
2025-07-04 13:34:04,305 INFO     ___FILE_ONLY___  
2025-07-04 13:34:04,305 INFO     ___FILE_ONLY___ │ 
2025-07-04 13:34:04,305 INFO     ___FILE_ONLY___ < 1 MiB
2025-07-04 13:34:04,305 INFO     ___FILE_ONLY___  
2025-07-04 13:34:04,305 INFO     ___FILE_ONLY___ │
2025-07-04 13:34:04,305 INFO     ___FILE_ONLY___ 

2025-07-04 13:34:04,305 INFO     ___FILE_ONLY___ └─────────────────────────┴────────────┴─────────┘
2025-07-04 13:34:04,305 INFO     ___FILE_ONLY___ 

2025-07-04 13:34:04,305 INFO     ___FILE_ONLY___ 

2025-07-04 13:34:04,309 DEBUG    urllib3.connectionpool Starting new HTTPS connection (1): dl.google.com:443
2025-07-04 13:34:04,511 DEBUG    urllib3.connectionpool https://dl.google.com:443 "GET /dl/cloudsdk/channels/rapid/RELEASE_NOTES HTTP/11" 200 1444035
2025-07-04 13:34:05,007 INFO     ___FILE_ONLY___ For the latest full release notes, please visit:
  https://cloud.google.com/sdk/release_notes


2025-07-04 13:34:05,007 INFO     ___FILE_ONLY___ Performing in place update...


2025-07-04 13:34:05,009 INFO     ___FILE_ONLY___ ╔════════════════════════════════════════════════════════════╗

2025-07-04 13:34:05,009 INFO     ___FILE_ONLY___ ╠═ Downloading: gcloud Alpha Commands                       ═╣

2025-07-04 13:34:05,010 INFO     ___FILE_ONLY___ ╚
2025-07-04 13:34:05,013 DEBUG    urllib3.connectionpool Starting new HTTPS connection (1): dl.google.com:443
2025-07-04 13:34:06,175 DEBUG    urllib3.connectionpool https://dl.google.com:443 "GET /dl/cloudsdk/channels/rapid/components/google-cloud-sdk-alpha-20250627154417.tar.gz HTTP/11" 200 800
2025-07-04 13:34:06,175 INFO     ___FILE_ONLY___ ════════════════════════════════════════════════════════════
2025-07-04 13:34:06,176 INFO     ___FILE_ONLY___ ╝

2025-07-04 13:34:06,178 INFO     ___FILE_ONLY___ ╔════════════════════════════════════════════════════════════╗

2025-07-04 13:34:06,178 INFO     ___FILE_ONLY___ ╠═ Downloading: gcloud Beta Commands                        ═╣

2025-07-04 13:34:06,178 INFO     ___FILE_ONLY___ ╚
2025-07-04 13:34:06,181 DEBUG    urllib3.connectionpool Starting new HTTPS connection (1): dl.google.com:443
2025-07-04 13:34:06,380 DEBUG    urllib3.connectionpool https://dl.google.com:443 "GET /dl/cloudsdk/channels/rapid/components/google-cloud-sdk-beta-20250627154417.tar.gz HTTP/11" 200 797
2025-07-04 13:34:06,380 INFO     ___FILE_ONLY___ ════════════════════════════════════════════════════════════
2025-07-04 13:34:06,381 INFO     ___FILE_ONLY___ ╝

2025-07-04 13:34:06,382 INFO     ___FILE_ONLY___ ╔════════════════════════════════════════════════════════════╗

2025-07-04 13:34:06,383 INFO     ___FILE_ONLY___ ╠═ Downloading: gcloud Preview Commands                     ═╣

2025-07-04 13:34:06,383 INFO     ___FILE_ONLY___ ╚
2025-07-04 13:34:06,386 DEBUG    urllib3.connectionpool Starting new HTTPS connection (1): dl.google.com:443
2025-07-04 13:34:07,470 DEBUG    urllib3.connectionpool https://dl.google.com:443 "GET /dl/cloudsdk/channels/rapid/components/google-cloud-sdk-preview-20241115154308.tar.gz HTTP/11" 200 823
2025-07-04 13:34:07,471 INFO     ___FILE_ONLY___ ════════════════════════════════════════════════════════════
2025-07-04 13:34:07,471 INFO     ___FILE_ONLY___ ╝

2025-07-04 13:34:07,473 INFO     ___FILE_ONLY___ ╔════════════════════════════════════════════════════════════╗

2025-07-04 13:34:07,473 INFO     ___FILE_ONLY___ ╠═ Installing: gcloud Alpha Commands                        ═╣

2025-07-04 13:34:07,473 INFO     ___FILE_ONLY___ ╚
2025-07-04 13:34:07,474 INFO     ___FILE_ONLY___ ════════════════════════════════════════════════════════════
2025-07-04 13:34:07,474 INFO     ___FILE_ONLY___ ╝

2025-07-04 13:34:07,480 INFO     ___FILE_ONLY___ ╔════════════════════════════════════════════════════════════╗

2025-07-04 13:34:07,480 INFO     ___FILE_ONLY___ ╠═ Installing: gcloud Beta Commands                         ═╣

2025-07-04 13:34:07,480 INFO     ___FILE_ONLY___ ╚
2025-07-04 13:34:07,481 INFO     ___FILE_ONLY___ ════════════════════════════════════════════════════════════
2025-07-04 13:34:07,481 INFO     ___FILE_ONLY___ ╝

2025-07-04 13:34:07,485 INFO     ___FILE_ONLY___ ╔════════════════════════════════════════════════════════════╗

2025-07-04 13:34:07,485 INFO     ___FILE_ONLY___ ╠═ Installing: gcloud Preview Commands                      ═╣

2025-07-04 13:34:07,485 INFO     ___FILE_ONLY___ ╚
2025-07-04 13:34:07,486 INFO     ___FILE_ONLY___ ════════════════════════════════════════════════════════════
2025-07-04 13:34:07,486 INFO     ___FILE_ONLY___ ╝

2025-07-04 13:34:07,490 DEBUG    root            Updating notification cache...
2025-07-04 13:34:07,491 INFO     ___FILE_ONLY___ 

2025-07-04 13:34:07,493 INFO     ___FILE_ONLY___ Performing post processing steps...
2025-07-04 13:34:07,493 DEBUG    root            Executing command: ['/tools/google-cloud-sdk/bin/gcloud', 'components', 'post-process']
2025-07-04 13:34:16,604 DEBUG    ___FILE_ONLY___ 
2025-07-04 13:34:16,605 DEBUG    ___FILE_ONLY___ 
2025-07-04 13:34:16,768 INFO     root            descriptor_list: [{'universeDomain': 'googleapis.com', 'universeShortName': '', 'authenticationDomain': 'auth.cloud.google.com', 'projectPrefix': '', 'cloudWebDomain': 'cloud.google.com', 'documentationDomain': 'cloud.google.com', 'version': '1.0.0', 'state': 'primary', 'artifactRegistryDomain': 'pkg.dev'}]
2025-07-04 13:34:16,769 INFO     ___FILE_ONLY___ 
Update done!


2025-07-04 13:34:16,771 DEBUG    root            Chosen display Format:none
2025-07-04 13:34:16,771 INFO     root            Display format: "none"
